\BOOKMARK [1][-]{section.1}{}{}
\BOOKMARK [2][-]{subsection.1.1}{ \040IOI}{section.1}
\BOOKMARK [2][-]{subsection.1.2}{ \040 IOI}{section.1}
\BOOKMARK [2][-]{subsection.1.3}{ \040Maycamp}{section.1}
\BOOKMARK [3][-]{subsubsection.1.3.1}{ \040 }{subsection.1.3}
\BOOKMARK [1][-]{section.2}{ \040}{}
\BOOKMARK [2][-]{subsection.2.1}{ \040 \040 \040}{section.2}
\BOOKMARK [3][-]{subsubsection.2.1.1}{ \040 \040 \040 }{subsection.2.1}
\BOOKMARK [2][-]{subsection.2.2}{ \040}{section.2}
\BOOKMARK [2][-]{subsection.2.3}{ \040}{section.2}
\BOOKMARK [2][-]{subsection.2.4}{ \040 \040}{section.2}
\BOOKMARK [2][-]{subsection.2.5}{ \040 \040}{section.2}
\BOOKMARK [3][-]{subsubsection.2.5.1}{ }{subsection.2.5}
\BOOKMARK [3][-]{subsubsection.2.5.2}{}{subsection.2.5}
\BOOKMARK [3][-]{subsubsection.2.5.3}{ \040 }{subsection.2.5}
\BOOKMARK [3][-]{subsubsection.2.5.4}{ \040 }{subsection.2.5}
\BOOKMARK [1][-]{section.3}{ \040 \040}{}
\BOOKMARK [2][-]{subsection.3.1}{ \040 \040}{section.3}
\BOOKMARK [2][-]{subsection.3.2}{ \040 \040 }{section.3}
\BOOKMARK [2][-]{subsection.3.3}{ \040 \040}{section.3}
\BOOKMARK [1][-]{section.4}{ \040 \040 \040}{}
\BOOKMARK [2][-]{subsection.4.1}{ \040}{section.4}
\BOOKMARK [3][-]{subsubsection.4.1.1}{ }{subsection.4.1}
\BOOKMARK [3][-]{subsubsection.4.1.2}{}{subsection.4.1}
\BOOKMARK [3][-]{subsubsection.4.1.3}{}{subsection.4.1}
\BOOKMARK [3][-]{subsubsection.4.1.4}{ \040}{subsection.4.1}
\BOOKMARK [3][-]{subsubsection.4.1.5}{ \040}{subsection.4.1}
\BOOKMARK [3][-]{subsubsection.4.1.6}{}{subsection.4.1}
\BOOKMARK [3][-]{subsubsection.4.1.7}{ \040}{subsection.4.1}
\BOOKMARK [2][-]{subsection.4.2}{ \040}{section.4}
\BOOKMARK [3][-]{subsubsection.4.2.1}{ \040 \040}{subsection.4.2}
\BOOKMARK [3][-]{subsubsection.4.2.2}{ \040}{subsection.4.2}
\BOOKMARK [3][-]{subsubsection.4.2.3}{ \040}{subsection.4.2}
\BOOKMARK [3][-]{subsubsection.4.2.4}{ \040 \040}{subsection.4.2}
\BOOKMARK [3][-]{subsubsection.4.2.5}{ \040 \040 }{subsection.4.2}
\BOOKMARK [3][-]{subsubsection.4.2.6}{ \040}{subsection.4.2}
